{"meta": {"format": 2, "version": "7.4.1", "timestamp": "2025-12-08T10:12:33.290016", "branch_coverage": false, "show_contexts": false}, "files": {"contracts/__init__.py": {"executed_lines": [0], "summary": {"covered_lines": 0, "num_statements": 0, "percent_covered": 100.0, "percent_covered_display": "100", "missing_lines": 0, "excluded_lines": 0}, "missing_lines": [], "excluded_lines": []}, "contracts/order.py": {"executed_lines": [1, 2, 3, 5, 8, 9, 11, 12, 15, 16, 18, 19, 20, 21, 22, 23, 24, 25, 28, 29, 31, 32, 33, 34, 35, 36, 39, 40, 43, 44, 45, 46, 49, 50, 51, 54, 57, 60, 65, 68, 71, 72, 73, 74, 77, 78, 81, 82, 87, 90, 95, 100, 105, 108, 111, 115], "summary": {"covered_lines": 52, "num_statements": 52, "percent_covered": 100.0, "percent_covered_display": "100", "missing_lines": 0, "excluded_lines": 0}, "missing_lines": [], "excluded_lines": []}, "contracts/signal.py": {"executed_lines": [1, 2, 3, 5, 8, 9, 11, 12, 13, 14, 17, 18, 20, 21, 22, 23, 26, 27, 29, 30, 31, 32, 33, 34, 35, 36, 37, 38, 39, 40, 41, 42, 43, 44, 47, 48, 50, 51, 52, 53, 54, 55, 56, 57, 60, 61, 63, 64, 65, 66, 69, 70, 72, 73, 74, 77, 78, 81, 82, 83, 84, 89, 90, 93, 96, 97, 102, 103, 104, 105, 108, 109, 110, 115, 118, 119, 122, 125, 130, 131, 134, 135, 140, 143, 146, 151, 154, 157, 160, 163, 164, 169, 174, 177, 182, 186, 187, 188, 190, 192, 193, 194, 222, 224, 225, 234, 235, 243, 244, 245, 247, 249, 251, 252, 253, 255, 257, 259], "summary": {"covered_lines": 111, "num_statements": 135, "percent_covered": 82.22222222222223, "percent_covered_display": "82", "missing_lines": 24, "excluded_lines": 0}, "missing_lines": [195, 197, 198, 200, 201, 204, 206, 207, 211, 212, 214, 216, 217, 221, 227, 229, 230, 233, 237, 239, 240, 241, 248, 256], "excluded_lines": []}, "contracts/trading_config.py": {"executed_lines": [1, 9, 10, 12, 15, 16, 28, 31, 34, 39, 44, 49, 52, 58, 63, 68, 69, 70, 72, 74, 76, 78, 79, 80, 81, 82, 84, 109, 110, 117, 120, 123, 124, 129, 134, 137, 140, 143, 148, 149, 150, 155, 159, 161, 162, 163, 164, 166, 187, 188, 195, 197, 200, 203, 208, 211, 214, 219, 223, 225, 226, 227, 229, 231, 233], "summary": {"covered_lines": 61, "num_statements": 62, "percent_covered": 98.38709677419355, "percent_covered_display": "98", "missing_lines": 1, "excluded_lines": 0}, "missing_lines": [73], "excluded_lines": []}, "otel_init.py": {"executed_lines": [1, 13, 14, 15, 16, 18, 19, 20, 21, 22, 23, 24, 25, 26, 27, 28, 29, 30, 31, 32, 35, 38, 58, 62, 63, 64, 69, 74, 81, 89, 90, 97, 100, 103, 134, 171, 211, 212, 213, 214, 220, 222, 226, 229, 236, 237, 238, 243, 270, 272, 281, 287, 323, 327, 328, 334, 335, 336, 337, 338, 340, 341, 342, 343, 344, 345, 347, 348, 350, 352, 353, 354, 356, 357, 361, 371, 373, 378, 381, 394, 408, 409, 410, 411], "summary": {"covered_lines": 83, "num_statements": 136, "percent_covered": 61.029411764705884, "percent_covered_display": "61", "missing_lines": 53, "excluded_lines": 0}, "missing_lines": [59, 91, 92, 93, 94, 104, 106, 109, 110, 111, 113, 116, 117, 123, 126, 128, 130, 131, 135, 137, 138, 139, 141, 146, 147, 158, 163, 165, 167, 168, 173, 176, 179, 180, 181, 183, 188, 190, 196, 197, 202, 204, 205, 207, 208, 216, 217, 223, 224, 239, 240, 391, 404], "excluded_lines": []}, "patch_consumer.py": {"executed_lines": [], "summary": {"covered_lines": 0, "num_statements": 37, "percent_covered": 0.0, "percent_covered_display": "0", "missing_lines": 37, "excluded_lines": 8}, "missing_lines": [2, 6, 9, 13, 14, 17, 18, 23, 24, 25, 27, 28, 31, 81, 83, 84, 85, 86, 87, 88, 90, 92, 93, 94, 97, 98, 101, 102, 103, 105, 106, 108, 109, 112, 113, 115, 116], "excluded_lines": [119, 120, 121, 122, 123, 124, 125, 126]}, "profiler_init.py": {"executed_lines": [1, 14, 16, 17, 20, 21, 22, 23, 26, 91], "summary": {"covered_lines": 9, "num_statements": 34, "percent_covered": 26.470588235294116, "percent_covered_display": "26", "missing_lines": 25, "excluded_lines": 0}, "missing_lines": [19, 38, 39, 42, 43, 46, 47, 48, 50, 51, 52, 54, 55, 56, 58, 60, 81, 82, 83, 84, 86, 87, 92, 93, 94], "excluded_lines": []}, "shared/__init__.py": {"executed_lines": [0], "summary": {"covered_lines": 0, "num_statements": 0, "percent_covered": 100.0, "percent_covered_display": "100", "missing_lines": 0, "excluded_lines": 0}, "missing_lines": [], "excluded_lines": []}, "shared/audit.py": {"executed_lines": [1, 2, 4, 7, 8, 10, 11, 12, 13, 14, 16, 27, 38, 40, 42, 43, 47, 58, 62, 64, 65, 69, 78, 89, 100, 113], "summary": {"covered_lines": 25, "num_statements": 73, "percent_covered": 34.24657534246575, "percent_covered_display": "34", "missing_lines": 48, "excluded_lines": 0}, "missing_lines": [18, 19, 21, 23, 24, 25, 29, 30, 32, 34, 35, 36, 41, 44, 45, 51, 52, 53, 54, 55, 56, 63, 66, 67, 71, 72, 73, 74, 75, 76, 80, 81, 83, 85, 86, 87, 91, 92, 94, 96, 97, 98, 102, 103, 105, 107, 108, 109], "excluded_lines": []}, "shared/config.py": {"executed_lines": [1, 5, 7, 10, 11, 14, 15, 16, 19, 20, 21, 24, 25, 26, 27, 30, 31, 34, 35, 36, 39, 40, 41, 42, 43, 46, 47, 48, 51, 52, 55, 56, 59, 60, 61, 63, 67, 70, 72, 78, 79, 82, 83, 85, 88, 94, 95, 96, 97, 99, 102, 103, 105, 106, 108, 110, 111, 113, 115, 116, 118, 120, 122, 124, 126, 128, 129, 130, 131, 132, 133, 134, 135, 136, 140], "summary": {"covered_lines": 73, "num_statements": 73, "percent_covered": 100.0, "percent_covered_display": "100", "missing_lines": 0, "excluded_lines": 0}, "missing_lines": [], "excluded_lines": []}, "shared/constants.py": {"executed_lines": [1, 10, 11, 12, 13, 20, 21, 23, 24, 25, 26, 29, 30, 32, 33, 34, 35, 36, 44, 45, 46, 47, 50, 51, 52, 55, 56, 59, 60, 63, 64, 65, 73, 74, 75, 76, 77, 80, 81, 82, 83, 86, 87, 90, 91, 95, 98, 100, 102, 103, 107, 109, 110, 112, 113, 117, 120, 121, 127, 129, 132, 135, 139, 140, 141, 144, 145, 146, 147, 155, 156, 157, 160, 161, 162, 163, 164, 168, 170, 171, 179, 181, 182, 183, 184, 188, 189, 190, 198, 199, 200, 201, 204, 207, 210, 211, 214, 215, 223, 224, 225, 226, 229, 230, 231, 232, 233, 236, 237, 238, 239, 242, 243, 246, 249, 254, 260, 263, 264, 265, 268, 269, 272, 273, 274, 275, 278, 281, 282, 285, 288, 299, 319, 322, 323, 333, 334, 335, 336, 340, 348, 349, 352, 353, 354, 355, 358, 359, 360, 368, 369, 370, 373, 374, 377, 378, 381, 382, 383, 386, 387, 388, 396, 397, 398, 401, 404, 412, 413, 414, 422, 423, 424, 427, 428, 436, 437, 440, 445, 448, 449, 454, 455, 456, 457, 462, 465, 470, 482, 483, 484, 487, 488, 489, 490, 491, 492, 500, 501, 502, 503, 504, 507, 508, 509, 510, 511, 514, 515, 516, 517, 525, 539, 545, 558, 560, 598, 600, 603, 604, 605, 606, 607, 608, 609, 612, 613, 616, 617, 619, 627, 629], "summary": {"covered_lines": 229, "num_statements": 244, "percent_covered": 93.85245901639344, "percent_covered_display": "94", "missing_lines": 15, "excluded_lines": 0}, "missing_lines": [133, 526, 527, 528, 529, 535, 536, 540, 541, 542, 546, 547, 548, 549, 550], "excluded_lines": []}, "shared/distributed_lock.py": {"executed_lines": [1, 8, 9, 10, 11, 12, 13, 15, 16, 18, 21, 22, 24, 25, 26, 27, 28, 29, 30, 31, 32, 33, 34, 36, 52, 83, 111, 115, 116, 117, 162, 187, 255, 274, 298, 317, 319, 320, 357, 359, 361, 376, 380, 381, 382, 391], "summary": {"covered_lines": 44, "num_statements": 190, "percent_covered": 23.157894736842106, "percent_covered_display": "23", "missing_lines": 146, "excluded_lines": 0}, "missing_lines": [38, 40, 43, 46, 48, 49, 50, 54, 56, 57, 58, 59, 60, 61, 64, 65, 66, 67, 68, 69, 72, 73, 76, 77, 79, 80, 81, 85, 86, 89, 91, 92, 95, 96, 98, 99, 102, 103, 105, 106, 107, 108, 109, 119, 120, 122, 123, 126, 140, 141, 142, 145, 146, 147, 150, 152, 156, 158, 159, 160, 164, 165, 167, 168, 169, 173, 174, 175, 177, 181, 183, 184, 185, 189, 190, 192, 193, 196, 198, 199, 200, 203, 208, 209, 210, 214, 217, 231, 232, 233, 234, 237, 238, 241, 242, 243, 244, 245, 249, 251, 252, 253, 257, 258, 260, 261, 262, 266, 267, 268, 269, 271, 272, 276, 277, 278, 279, 280, 290, 292, 294, 295, 296, 300, 301, 302, 303, 304, 308, 309, 311, 313, 314, 315, 322, 323, 324, 326, 327, 344, 353, 354, 355, 384, 385, 387], "excluded_lines": []}, "shared/logger.py": {"executed_lines": [1, 2, 3, 4, 5, 7, 8, 15, 18, 23, 26, 27, 28, 29, 30, 31, 32, 33, 35, 79, 135, 143, 146, 148], "summary": {"covered_lines": 24, "num_statements": 69, "percent_covered": 34.78260869565217, "percent_covered_display": "35", "missing_lines": 45, "excluded_lines": 0}, "missing_lines": [37, 38, 40, 41, 51, 56, 57, 59, 60, 61, 62, 63, 67, 68, 69, 70, 72, 75, 76, 77, 86, 87, 88, 91, 98, 99, 100, 101, 116, 118, 119, 120, 121, 123, 124, 125, 127, 128, 129, 130, 131, 133, 137, 138, 139], "excluded_lines": []}, "shared/mysql_client.py": {"executed_lines": [1, 8, 9, 11, 13, 16, 17, 24, 26, 27, 29, 34, 39, 70, 83, 85, 92, 93, 94, 105, 144, 174, 211, 221, 223, 224, 227, 238, 241, 243, 244, 245, 247, 288, 319, 330, 331, 334, 345, 346, 348, 349, 350, 352, 375], "summary": {"covered_lines": 43, "num_statements": 121, "percent_covered": 35.53719008264463, "percent_covered_display": "36", "missing_lines": 78, "excluded_lines": 0}, "missing_lines": [31, 32, 36, 37, 49, 51, 55, 56, 59, 61, 64, 66, 67, 68, 96, 97, 99, 100, 103, 118, 120, 127, 128, 131, 133, 136, 138, 139, 142, 154, 156, 162, 163, 164, 165, 167, 168, 170, 171, 172, 186, 188, 189, 190, 193, 203, 204, 205, 207, 208, 209, 261, 262, 273, 274, 277, 279, 280, 282, 283, 286, 298, 299, 305, 306, 307, 310, 312, 313, 315, 316, 317, 359, 361, 362, 369, 370, 371], "excluded_lines": []}, "signal_mapping_patch.py": {"executed_lines": [], "summary": {"covered_lines": 0, "num_statements": 31, "percent_covered": 0.0, "percent_covered_display": "0", "missing_lines": 31, "excluded_lines": 0}, "missing_lines": [2, 7, 8, 11, 12, 17, 18, 19, 21, 24, 74, 76, 77, 78, 79, 80, 81, 83, 85, 86, 87, 90, 91, 94, 95, 96, 98, 100, 103, 104, 106], "excluded_lines": []}, "tradeengine/__init__.py": {"executed_lines": [0], "summary": {"covered_lines": 0, "num_statements": 0, "percent_covered": 100.0, "percent_covered_display": "100", "missing_lines": 0, "excluded_lines": 0}, "missing_lines": [], "excluded_lines": []}, "tradeengine/api.py": {"executed_lines": [1, 2, 3, 4, 5, 7, 8, 9, 12, 15, 16, 17, 18, 19, 20, 21, 22, 23, 24, 25, 26, 28, 31, 32, 35, 40, 41, 44, 45, 47, 49, 51, 52, 54, 55, 58, 60, 63, 66, 69, 70, 73, 75, 76, 81, 82, 83, 84, 87, 88, 91, 92, 95, 96, 128, 130, 132, 133, 134, 135, 138, 139, 141, 144, 145, 147, 149, 155, 163, 164, 165, 168, 169, 170, 174, 175, 176, 180, 190, 193, 196, 197, 198, 199, 201, 204, 205, 207, 208, 209, 210, 213, 214, 216, 217, 218, 219, 220, 221, 224, 225, 227, 228, 229, 230, 231, 234, 235, 237, 238, 239, 240, 241, 244, 245, 264, 265, 267, 269, 271, 274, 289, 295, 306, 307, 333, 334, 336, 338, 340, 343, 344, 345, 347, 354, 355, 356, 357, 360, 361, 363, 365, 371, 372, 449, 450, 452, 453, 454, 465, 466, 482, 483, 485, 487, 562, 563, 564, 565, 567, 568, 571, 572, 574, 576, 577, 578, 583, 594, 595, 597, 599, 600, 602, 603, 605, 606, 607, 609, 622, 623, 625, 627, 628, 630, 631, 633, 634, 635, 637, 650, 651, 668, 669, 687, 688, 815, 816, 941, 942, 958, 959, 1044, 1045, 1071, 1072, 1098, 1099, 1119, 1120, 1125, 1126, 1128, 1130, 1133, 1134, 1161], "summary": {"covered_lines": 212, "num_statements": 466, "percent_covered": 45.493562231759654, "percent_covered_display": "45", "missing_lines": 254, "excluded_lines": 3}, "missing_lines": [74, 78, 97, 99, 101, 104, 105, 106, 107, 108, 110, 111, 112, 115, 116, 117, 118, 119, 123, 124, 150, 151, 152, 156, 157, 158, 159, 160, 161, 171, 173, 247, 301, 302, 303, 309, 310, 312, 313, 315, 328, 329, 330, 352, 366, 367, 368, 376, 378, 380, 383, 384, 385, 386, 388, 389, 391, 393, 394, 395, 396, 399, 400, 413, 414, 422, 423, 424, 436, 444, 445, 446, 460, 461, 462, 468, 470, 471, 477, 478, 479, 488, 491, 492, 493, 496, 498, 499, 500, 501, 502, 503, 504, 506, 507, 510, 511, 512, 513, 514, 515, 518, 519, 520, 521, 522, 523, 524, 525, 526, 529, 530, 531, 532, 533, 534, 535, 536, 538, 539, 540, 541, 542, 543, 544, 545, 547, 553, 579, 580, 581, 589, 590, 591, 604, 617, 618, 619, 632, 645, 646, 647, 653, 655, 656, 661, 662, 663, 671, 673, 674, 680, 681, 682, 719, 721, 722, 724, 727, 728, 731, 733, 734, 738, 739, 743, 744, 748, 749, 753, 754, 767, 768, 781, 784, 786, 808, 809, 810, 846, 848, 851, 852, 854, 857, 859, 860, 864, 865, 869, 870, 874, 875, 879, 880, 884, 885, 889, 890, 894, 897, 898, 899, 902, 904, 907, 909, 936, 937, 938, 944, 946, 947, 953, 954, 955, 995, 1003, 1006, 1007, 1011, 1013, 1039, 1040, 1041, 1047, 1049, 1050, 1052, 1053, 1054, 1055, 1056, 1057, 1059, 1066, 1067, 1068, 1074, 1076, 1077, 1079, 1080, 1081, 1082, 1083, 1084, 1086, 1093, 1094, 1095, 1101, 1122, 1136], "excluded_lines": [1161, 1162, 1164]}, "tradeengine/api_config_routes.py": {"executed_lines": [1, 8, 9, 10, 12, 13, 14, 16, 17, 19, 22, 25, 28, 31, 33, 34, 37, 45, 46, 48, 51, 54, 57, 62, 63, 65, 66, 67, 68, 69, 70, 71, 74, 75, 77, 78, 79, 80, 83, 84, 86, 87, 88, 91, 96, 97, 99, 100, 103, 104, 107, 108, 110, 111, 114, 117, 120, 124, 129, 130, 132, 135, 138, 148, 151, 187, 189, 190, 191, 194, 195, 196, 201, 212, 214, 215, 216, 219, 220, 221, 226, 240, 242, 243, 244, 246, 259, 260, 261, 266, 296, 298, 299, 301, 310, 311, 320, 321, 330, 344, 345, 346, 351, 364, 368, 369, 370, 372, 385, 386, 387, 392, 405, 409, 410, 412, 421, 422, 431, 432, 436, 450, 451, 452, 457, 473, 478, 479, 480, 482, 495, 496, 497, 502, 522, 528, 529, 531, 540, 541, 550, 551, 555, 569, 570, 571, 576, 621, 623, 624, 627, 637, 638, 640, 642, 644, 646, 647, 648, 650, 651, 654, 662, 664, 665, 666, 667, 670, 671, 672, 673, 674, 675, 676, 677, 678, 680, 682, 683, 684, 685, 686, 687, 688, 689, 691, 693, 694, 695, 697, 698, 699, 700, 701, 702, 704, 706, 707, 709, 719, 729, 738, 739, 740, 742, 743, 745, 746, 747, 752, 756, 765, 778, 779, 780, 787, 796, 797, 798, 801, 820, 821, 823, 825, 835, 837, 838, 841, 842, 843, 844, 845, 846, 848, 849, 850, 851, 852, 857, 862, 877, 878, 882, 886, 890, 893, 900, 901, 903, 908, 909, 910, 911, 913, 914, 915, 916, 932, 933, 934, 935, 937, 940, 945, 947, 948, 949, 953, 958, 959, 967, 968, 981, 982, 985, 986, 987, 990, 991, 992, 993, 994, 995, 996, 999, 1007, 1008, 1029, 1033, 1034, 1035, 1040, 1041, 1056, 1057, 1060, 1061, 1062, 1065, 1066, 1067, 1068, 1069, 1070, 1071, 1074, 1082, 1083, 1105, 1109, 1110, 1111, 1116, 1117, 1119, 1120, 1121, 1124, 1125, 1126, 1136, 1138, 1139, 1140, 1145, 1153, 1159, 1160, 1161, 1166, 1167, 1169, 1170, 1171, 1173, 1174, 1179, 1181, 1182, 1183], "summary": {"covered_lines": 332, "num_statements": 332, "percent_covered": 100.0, "percent_covered_display": "100", "missing_lines": 0, "excluded_lines": 0}, "missing_lines": [], "excluded_lines": []}, "tradeengine/config_manager.py": {"executed_lines": [1, 12, 13, 14, 15, 16, 18, 19, 20, 26, 29, 30, 44, 58, 59, 60, 63, 66, 67, 69, 72, 73, 75, 79, 80, 82, 84, 86, 88, 89, 90, 91, 92, 93, 95, 96, 98, 101, 103, 124, 130, 207, 333, 434], "summary": {"covered_lines": 42, "num_statements": 177, "percent_covered": 23.728813559322035, "percent_covered_display": "24", "missing_lines": 135, "excluded_lines": 0}, "missing_lines": [76, 99, 105, 106, 107, 109, 110, 115, 116, 118, 119, 120, 121, 122, 126, 127, 128, 151, 152, 153, 154, 155, 156, 159, 161, 163, 164, 165, 166, 169, 172, 173, 174, 175, 178, 181, 187, 190, 191, 194, 198, 199, 203, 205, 231, 232, 233, 235, 236, 238, 240, 241, 242, 243, 245, 248, 249, 250, 251, 252, 253, 254, 257, 258, 259, 265, 266, 268, 280, 281, 282, 283, 284, 285, 286, 287, 288, 289, 293, 294, 297, 313, 314, 317, 318, 319, 321, 327, 329, 330, 331, 352, 354, 355, 356, 357, 359, 362, 363, 364, 365, 366, 367, 368, 371, 372, 373, 379, 380, 381, 382, 383, 384, 385, 388, 389, 390, 395, 396, 399, 400, 414, 415, 418, 419, 420, 422, 428, 430, 431, 432, 438, 439, 440, 441], "excluded_lines": []}, "tradeengine/consumer.py": {"executed_lines": [1, 2, 3, 4, 5, 7, 8, 9, 10, 11, 12, 14, 15, 16, 18, 21, 24, 29, 32, 33, 35, 36, 37, 38, 39, 40, 42, 44, 46, 50, 52, 53, 54, 60, 61, 62, 64, 69, 75, 86, 94, 95, 97, 103, 173, 176, 179, 180, 187, 188, 196, 197, 205, 210, 212, 213, 214, 215, 218, 221, 226, 227, 228, 232, 234, 235, 249, 251, 260, 261, 264, 266, 267, 271, 272, 278, 284, 285, 286, 291, 298, 303, 304, 311, 313, 315, 321, 323, 325, 326, 332, 333, 335, 336, 337, 343, 344, 347, 358, 360, 362, 363, 364, 366, 367, 368, 372, 375, 385], "summary": {"covered_lines": 107, "num_statements": 166, "percent_covered": 64.4578313253012, "percent_covered_display": "64", "missing_lines": 59, "excluded_lines": 2}, "missing_lines": [47, 48, 49, 65, 66, 98, 99, 100, 101, 106, 107, 108, 110, 111, 112, 115, 116, 117, 121, 122, 127, 129, 136, 141, 145, 148, 149, 150, 151, 152, 154, 155, 163, 165, 166, 167, 169, 170, 171, 198, 199, 202, 238, 239, 247, 265, 297, 299, 348, 349, 350, 354, 355, 356, 377, 378, 379, 381, 382], "excluded_lines": [385, 387]}, "tradeengine/consumer_patched.py": {"executed_lines": [], "summary": {"covered_lines": 0, "num_statements": 189, "percent_covered": 0.0, "percent_covered_display": "0", "missing_lines": 189, "excluded_lines": 17}, "missing_lines": [1, 2, 3, 4, 5, 7, 8, 9, 10, 13, 14, 15, 17, 19, 21, 24, 26, 27, 28, 30, 33, 36, 41, 44, 47, 48, 49, 50, 51, 52, 54, 56, 58, 59, 60, 61, 62, 64, 65, 66, 72, 73, 74, 76, 77, 78, 81, 82, 90, 96, 107, 115, 116, 118, 119, 120, 121, 122, 124, 127, 128, 129, 131, 132, 133, 136, 137, 138, 142, 143, 148, 150, 157, 162, 166, 169, 170, 171, 172, 173, 175, 176, 184, 186, 187, 188, 190, 191, 192, 194, 197, 200, 201, 208, 209, 217, 218, 219, 220, 223, 226, 231, 233, 234, 235, 236, 239, 242, 247, 248, 249, 253, 255, 256, 259, 260, 268, 271, 278, 280, 282, 291, 292, 295, 296, 297, 298, 302, 303, 309, 315, 316, 317, 322, 328, 329, 330, 334, 335, 342, 344, 346, 352, 354, 356, 357, 363, 364, 366, 367, 368, 374, 375, 378, 379, 380, 381, 385, 386, 387, 389, 392, 393, 394, 395, 396, 398, 401, 402, 403, 406, 421, 422, 424, 426, 428, 430, 431, 432, 434, 435, 436, 440, 443, 445, 446, 447, 449, 450], "excluded_lines": [453, 455, 457, 458, 460, 461, 462, 463, 464, 466, 469, 470, 471, 474, 489, 490, 492]}, "tradeengine/db/__init__.py": {"executed_lines": [1, 3, 4, 6], "summary": {"covered_lines": 3, "num_statements": 3, "percent_covered": 100.0, "percent_covered_display": "100", "missing_lines": 0, "excluded_lines": 0}, "missing_lines": [], "excluded_lines": []}, "tradeengine/db/mongodb_client.py": {"executed_lines": [1, 8, 9, 10, 12, 13, 15, 18, 19, 26, 28, 29, 31, 33, 34, 36, 38, 39, 41, 65, 99, 128, 165, 190, 220, 249, 274, 306, 318, 332, 371, 406, 418, 419, 432, 454], "summary": {"covered_lines": 34, "num_statements": 167, "percent_covered": 20.35928143712575, "percent_covered_display": "20", "missing_lines": 133, "excluded_lines": 0}, "missing_lines": [48, 49, 55, 56, 57, 58, 59, 61, 62, 63, 75, 76, 77, 79, 86, 87, 88, 90, 93, 95, 96, 97, 109, 110, 116, 117, 118, 119, 120, 122, 123, 126, 139, 140, 141, 143, 150, 151, 152, 154, 157, 159, 160, 163, 172, 173, 179, 180, 181, 183, 184, 186, 187, 188, 200, 201, 207, 208, 209, 211, 212, 214, 215, 218, 230, 231, 232, 234, 238, 239, 240, 242, 243, 245, 246, 247, 259, 260, 266, 267, 268, 270, 271, 272, 287, 288, 294, 295, 296, 297, 298, 300, 301, 304, 316, 329, 330, 342, 343, 344, 345, 346, 347, 349, 356, 357, 360, 362, 365, 367, 368, 369, 382, 383, 389, 390, 393, 395, 398, 400, 401, 404, 416, 426, 428, 429, 430, 439, 440, 441, 448, 449, 450], "excluded_lines": []}, "tradeengine/db/mysql_config_repository.py": {"executed_lines": [1, 8, 9, 11, 13, 16, 17, 19, 30, 39, 44, 48, 52, 56, 60, 66, 70, 74, 78], "summary": {"covered_lines": 17, "num_statements": 32, "percent_covered": 53.125, "percent_covered_display": "53", "missing_lines": 15, "excluded_lines": 0}, "missing_lines": [26, 27, 28, 34, 35, 41, 46, 50, 54, 58, 64, 68, 72, 76, 80], "excluded_lines": []}, "tradeengine/defaults.py": {"executed_lines": [1, 16, 22, 105, 850, 908, 913, 918], "summary": {"covered_lines": 7, "num_statements": 41, "percent_covered": 17.073170731707318, "percent_covered_display": "17", "missing_lines": 34, "excluded_lines": 0}, "missing_lines": [860, 862, 863, 864, 865, 867, 868, 871, 872, 873, 875, 876, 877, 879, 880, 881, 883, 884, 885, 887, 888, 889, 892, 893, 895, 896, 899, 900, 905, 910, 915, 929, 930, 931], "excluded_lines": []}, "tradeengine/dispatcher.py": {"executed_lines": [1, 2, 3, 4, 6, 8, 9, 10, 11, 12, 13, 14, 21, 22, 23, 24, 27, 33, 39, 45, 51, 57, 64, 65, 67, 68, 69, 70, 72, 75, 76, 78, 109, 111, 119, 120, 121, 123, 124, 127, 155, 183, 184, 185, 187, 188, 190, 192, 193, 195, 208, 210, 211, 216, 223, 227, 232, 233, 236, 242, 247, 248, 250, 265, 281, 282, 283, 286, 287, 288, 297, 303, 304, 305, 308, 309, 310, 312, 318, 320, 324, 325, 328, 337, 339, 361, 362, 363, 366, 367, 368, 371, 377, 378, 379, 383, 384, 388, 389, 390, 391, 392, 394, 395, 396, 410, 435, 438, 439, 442, 443, 444, 445, 446, 447, 448, 449, 450, 451, 452, 459, 465, 467, 471, 472, 477, 479, 480, 484, 485, 486, 487, 489, 490, 491, 503, 512, 514, 517, 518, 519, 521, 523, 524, 525, 526, 527, 528, 529, 530, 532, 539, 542, 543, 547, 548, 550, 553, 557, 558, 562, 563, 566, 567, 570, 571, 574, 575, 578, 579, 581, 588, 590, 591, 592, 595, 604, 605, 607, 620, 622, 628, 629, 632, 635, 637, 643, 660, 661, 662, 663, 665, 666, 667, 668, 669, 672, 673, 674, 675, 677, 683, 684, 685, 688, 689, 694, 695, 697, 698, 708, 709, 713, 719, 720, 721, 722, 723, 726, 729, 730, 732, 735, 738, 746, 751, 757, 758, 760, 761, 766, 769, 776, 777, 785, 790, 791, 798, 802, 813, 814, 816, 817, 818, 819, 820, 821, 822, 825, 829, 830, 833, 837, 838, 842, 846, 848, 894, 904, 906, 908, 909, 910, 912, 915, 917, 918, 925, 926, 933, 946, 954, 956, 960, 963, 964, 966, 967, 991, 1001, 1003, 1004, 1005, 1013, 1015, 1022, 1023, 1027, 1029, 1032, 1033, 1052, 1054, 1056, 1059, 1064, 1072, 1073, 1075, 1097, 1100, 1103, 1112, 1113, 1115, 1141, 1147, 1151, 1152, 1153, 1158, 1161, 1164, 1165, 1169, 1171, 1176, 1177, 1182, 1183, 1184, 1188, 1191, 1200, 1201, 1206, 1211, 1218, 1222, 1236, 1246, 1248, 1250, 1256, 1257, 1262, 1267, 1270, 1272, 1278, 1284, 1285, 1290, 1295, 1298, 1300, 1307, 1311, 1315, 1316, 1320, 1321, 1323, 1324, 1325, 1328, 1332, 1344, 1357, 1358, 1359, 1360, 1364, 1366, 1369, 1469, 1471, 1472, 1475, 1478, 1481, 1484, 1501, 1508, 1538, 1540, 1542, 1544, 1547, 1548, 1553, 1554, 1555, 1559, 1561, 1564, 1566, 1578, 1579, 1583, 1585, 1587, 1589, 1591, 1593, 1600, 1604, 1613, 1614, 1615, 1619, 1620, 1623, 1647, 1655, 1660, 1661, 1664, 1671, 1674, 1682, 1683, 1684, 1690, 1695, 1696, 1697, 1706, 1723, 1727, 1731, 1735, 1739, 1743, 1747, 1751, 1755, 1759, 1763, 1767, 1795, 1810, 1820, 1939, 1956, 2092, 2227, 2350, 2369, 2372, 2373, 2377, 2380, 2381, 2382, 2385, 2394, 2396, 2398, 2522], "summary": {"covered_lines": 448, "num_statements": 905, "percent_covered": 49.50276243093923, "percent_covered_display": "50", "missing_lines": 457, "excluded_lines": 0}, "missing_lines": [237, 238, 256, 257, 258, 259, 261, 262, 263, 289, 291, 298, 301, 306, 330, 331, 333, 334, 335, 397, 399, 400, 404, 405, 407, 411, 412, 413, 414, 415, 419, 420, 421, 422, 423, 424, 427, 431, 432, 433, 436, 437, 454, 457, 494, 495, 496, 500, 501, 502, 505, 506, 508, 509, 510, 515, 554, 559, 568, 583, 584, 585, 597, 600, 601, 614, 615, 638, 639, 641, 678, 681, 700, 701, 703, 704, 705, 711, 736, 759, 780, 781, 806, 807, 810, 850, 852, 855, 856, 861, 863, 865, 866, 869, 870, 873, 874, 877, 882, 883, 887, 890, 891, 892, 896, 897, 898, 899, 900, 901, 902, 913, 920, 928, 942, 943, 944, 957, 970, 971, 973, 974, 977, 978, 980, 981, 985, 992, 1006, 1036, 1042, 1043, 1045, 1046, 1050, 1076, 1077, 1079, 1084, 1089, 1104, 1108, 1109, 1116, 1120, 1122, 1123, 1125, 1129, 1130, 1131, 1135, 1198, 1212, 1216, 1223, 1224, 1228, 1230, 1234, 1238, 1239, 1244, 1339, 1340, 1343, 1345, 1346, 1347, 1351, 1353, 1356, 1372, 1375, 1378, 1379, 1382, 1383, 1387, 1390, 1391, 1394, 1395, 1400, 1401, 1402, 1403, 1409, 1414, 1417, 1422, 1424, 1427, 1428, 1431, 1432, 1437, 1440, 1443, 1444, 1447, 1451, 1454, 1455, 1458, 1459, 1463, 1465, 1466, 1467, 1576, 1601, 1606, 1609, 1610, 1630, 1631, 1636, 1637, 1640, 1643, 1644, 1648, 1708, 1709, 1713, 1714, 1721, 1725, 1729, 1733, 1737, 1741, 1745, 1749, 1753, 1757, 1761, 1765, 1769, 1772, 1791, 1792, 1793, 1797, 1800, 1805, 1806, 1807, 1808, 1812, 1824, 1826, 1832, 1833, 1836, 1839, 1840, 1843, 1846, 1853, 1857, 1860, 1861, 1862, 1863, 1864, 1867, 1868, 1869, 1874, 1877, 1878, 1882, 1885, 1888, 1892, 1897, 1908, 1909, 1914, 1915, 1921, 1925, 1927, 1929, 1930, 1932, 1934, 1935, 1943, 1945, 1946, 1949, 1950, 1951, 1952, 1960, 1961, 1963, 1966, 1969, 1970, 1971, 1972, 1973, 1976, 1977, 1978, 1984, 1985, 1988, 1991, 1992, 1993, 1994, 2001, 2002, 2005, 2006, 2008, 2014, 2046, 2052, 2053, 2057, 2061, 2067, 2075, 2078, 2079, 2083, 2089, 2090, 2096, 2097, 2099, 2102, 2105, 2106, 2107, 2108, 2109, 2112, 2113, 2114, 2120, 2121, 2124, 2127, 2128, 2129, 2130, 2137, 2138, 2141, 2142, 2144, 2150, 2182, 2188, 2189, 2191, 2195, 2201, 2209, 2212, 2213, 2218, 2224, 2225, 2248, 2249, 2250, 2251, 2252, 2253, 2254, 2257, 2258, 2259, 2260, 2261, 2262, 2264, 2267, 2268, 2270, 2273, 2300, 2305, 2306, 2308, 2310, 2311, 2312, 2313, 2314, 2316, 2318, 2319, 2322, 2323, 2324, 2327, 2328, 2329, 2331, 2338, 2339, 2342, 2416, 2418, 2421, 2423, 2429, 2430, 2433, 2434, 2435, 2443, 2446, 2447, 2450, 2452, 2453, 2455, 2458, 2460, 2466, 2467, 2469, 2475, 2479, 2480, 2483, 2484, 2486, 2488, 2492, 2493, 2495, 2501, 2505, 2506, 2509, 2513, 2516, 2518, 2519, 2520, 2524, 2525, 2528, 2530, 2532, 2533], "excluded_lines": []}, "tradeengine/exchange/__init__.py": {"executed_lines": [0], "summary": {"covered_lines": 0, "num_statements": 0, "percent_covered": 100.0, "percent_covered_display": "100", "missing_lines": 0, "excluded_lines": 0}, "missing_lines": [], "excluded_lines": []}, "tradeengine/exchange/binance.py": {"executed_lines": [1, 8, 9, 10, 11, 12, 14, 15, 26, 28, 29, 31, 34, 35, 37, 38, 39, 40, 41, 43, 45, 47, 54, 57, 61, 64, 65, 66, 71, 76, 77, 78, 81, 82, 84, 85, 98, 100, 101, 105, 114, 116, 118, 120, 123, 124, 125, 132, 140, 181, 183, 185, 186, 188, 191, 192, 195, 198, 199, 202, 205, 208, 215, 216, 222, 224, 227, 230, 231, 235, 246, 250, 254, 255, 259, 265, 266, 268, 270, 271, 272, 274, 276, 278, 286, 292, 293, 296, 299, 302, 306, 308, 310, 312, 316, 319, 322, 332, 338, 339, 341, 344, 348, 350, 383, 428, 461, 508, 510, 512, 513, 514, 548, 550, 553, 554, 557, 562, 571, 572, 575, 578, 584, 594, 609, 612, 613, 616, 620, 622, 625, 637, 711, 729, 731, 734, 735, 736, 739, 740, 743, 746, 758, 763, 771, 775, 776, 777, 778, 779, 782, 786, 789, 792, 796, 798, 799, 802, 803, 807, 813, 819, 825, 858, 860, 864, 873, 874, 875, 876, 880, 882, 886, 895, 896, 897, 898, 902, 925, 936, 944, 946, 947, 949, 950, 952, 963, 964, 965, 967, 969, 972, 973, 975, 976, 981, 983, 985, 1004, 1029, 1044, 1076, 1083], "summary": {"covered_lines": 201, "num_statements": 451, "percent_covered": 44.567627494456765, "percent_covered_display": "45", "missing_lines": 250, "excluded_lines": 0}, "missing_lines": [87, 90, 91, 92, 93, 94, 95, 96, 102, 103, 110, 111, 112, 119, 136, 137, 138, 142, 143, 145, 146, 153, 156, 157, 158, 159, 160, 161, 162, 163, 164, 165, 166, 167, 169, 172, 174, 175, 176, 177, 178, 179, 184, 228, 232, 243, 247, 251, 256, 260, 261, 267, 277, 287, 297, 303, 311, 313, 320, 333, 345, 352, 353, 354, 355, 356, 365, 366, 371, 372, 374, 377, 378, 381, 385, 386, 387, 388, 389, 390, 393, 396, 397, 399, 410, 411, 416, 417, 419, 422, 423, 426, 430, 431, 432, 433, 434, 443, 444, 449, 450, 452, 455, 456, 459, 465, 466, 467, 468, 469, 470, 473, 476, 477, 479, 490, 491, 496, 497, 499, 502, 503, 506, 515, 517, 527, 531, 532, 533, 534, 536, 537, 538, 542, 544, 545, 546, 551, 610, 631, 655, 657, 660, 661, 662, 665, 666, 667, 670, 673, 675, 676, 682, 683, 685, 687, 688, 694, 695, 698, 703, 705, 706, 707, 709, 747, 754, 755, 765, 766, 767, 769, 783, 808, 809, 810, 821, 822, 823, 835, 836, 838, 839, 840, 842, 850, 856, 861, 878, 883, 900, 906, 907, 908, 910, 927, 938, 939, 940, 941, 942, 951, 953, 970, 974, 977, 978, 979, 987, 988, 990, 991, 992, 993, 994, 1000, 1001, 1002, 1006, 1007, 1009, 1010, 1011, 1012, 1013, 1025, 1026, 1027, 1031, 1032, 1034, 1035, 1036, 1037, 1039, 1040, 1041, 1042, 1050, 1051, 1053, 1054, 1055, 1058, 1060, 1062, 1068, 1069, 1070, 1079], "excluded_lines": []}, "tradeengine/exchange/simulator.py": {"executed_lines": [1, 2, 3, 4, 5, 7, 8, 14, 17, 18, 20, 21, 22, 24, 28, 32, 34, 36, 48, 62, 66, 68, 76, 78, 85, 95, 96, 98, 99, 100, 101, 103, 153, 173, 189], "summary": {"covered_lines": 33, "num_statements": 61, "percent_covered": 54.09836065573771, "percent_covered_display": "54", "missing_lines": 28, "excluded_lines": 0}, "missing_lines": [26, 30, 38, 51, 57, 59, 60, 64, 87, 105, 114, 116, 119, 120, 130, 133, 148, 151, 155, 158, 159, 161, 164, 165, 168, 169, 171, 177], "excluded_lines": []}, "tradeengine/leverage_manager.py": {"executed_lines": [], "summary": {"covered_lines": 0, "num_statements": 82, "percent_covered": 0.0, "percent_covered_display": "0", "missing_lines": 82, "excluded_lines": 0}, "missing_lines": [11, 12, 13, 15, 16, 18, 19, 21, 24, 33, 45, 46, 49, 51, 65, 67, 70, 71, 74, 77, 78, 79, 84, 92, 93, 95, 97, 98, 103, 109, 120, 123, 124, 126, 127, 128, 130, 141, 142, 145, 146, 147, 148, 149, 151, 153, 164, 165, 166, 169, 174, 182, 184, 191, 192, 193, 195, 202, 203, 205, 207, 209, 216, 217, 221, 222, 224, 226, 227, 235, 240, 242, 243, 244, 246, 255, 256, 268, 271, 272, 274, 275], "excluded_lines": []}, "tradeengine/metrics.py": {"executed_lines": [1, 11, 14, 20, 27, 34, 41, 48, 56, 62, 69, 75, 82, 90, 97, 108, 114, 120, 126, 133, 144, 150, 158, 164, 171, 177, 184, 190, 196, 203, 209], "summary": {"covered_lines": 30, "num_statements": 30, "percent_covered": 100.0, "percent_covered_display": "100", "missing_lines": 0, "excluded_lines": 0}, "missing_lines": [], "excluded_lines": []}, "tradeengine/order_manager.py": {"executed_lines": [1, 5, 6, 7, 8, 10, 11, 12, 14, 17, 18, 20, 21, 22, 23, 24, 25, 27, 30, 33, 36, 39, 42, 45, 47, 49, 62, 65, 67, 72, 75, 108, 149, 166, 187, 210, 214, 218, 222, 239, 263, 284], "summary": {"covered_lines": 40, "num_statements": 146, "percent_covered": 27.397260273972602, "percent_covered_display": "27", "missing_lines": 106, "excluded_lines": 0}, "missing_lines": [28, 31, 34, 37, 40, 43, 63, 73, 79, 81, 96, 97, 98, 101, 102, 104, 110, 111, 113, 114, 116, 118, 119, 121, 124, 126, 127, 129, 131, 132, 133, 137, 140, 141, 142, 143, 144, 145, 146, 147, 153, 154, 156, 157, 159, 160, 161, 162, 164, 169, 170, 171, 172, 176, 177, 179, 182, 183, 185, 189, 190, 192, 193, 197, 198, 199, 204, 205, 206, 208, 212, 216, 220, 225, 226, 229, 230, 233, 234, 235, 237, 242, 243, 244, 245, 246, 247, 248, 249, 252, 253, 254, 255, 256, 257, 258, 259, 261, 265, 266, 267, 270, 271, 272, 273, 275], "excluded_lines": []}, "tradeengine/position_manager.py": {"executed_lines": [1, 6, 7, 8, 9, 11, 12, 13, 14, 23, 24, 43, 46, 47, 50, 51, 52, 53, 54, 55, 56, 59, 60, 61, 62, 63, 65, 100, 111, 139, 174, 185, 198, 200, 201, 203, 204, 205, 219, 222, 223, 225, 226, 231, 240, 248, 252, 255, 257, 258, 259, 272, 275, 276, 277, 278, 279, 280, 283, 284, 293, 296, 297, 307, 312, 316, 318, 319, 321, 322, 325, 329, 333, 334, 335, 336, 340, 344, 345, 353, 354, 357, 358, 360, 362, 366, 369, 374, 379, 385, 391, 394, 395, 397, 402, 403, 407, 411, 416, 419, 425, 430, 435, 440, 444, 453, 454, 473, 497, 613, 646, 680, 687, 689, 690, 691, 692, 693, 694, 697, 704, 705, 707, 709, 716, 717, 718, 719, 722, 725, 726, 728, 743, 744, 745, 752, 753, 758, 789, 886, 909, 957, 996, 1014, 1024, 1037, 1045, 1057, 1059, 1060, 1063, 1064, 1065, 1068, 1077, 1083, 1087, 1094, 1115, 1127, 1132, 1148, 1150, 1166], "summary": {"covered_lines": 162, "num_statements": 476, "percent_covered": 34.03361344537815, "percent_covered_display": "34", "missing_lines": 314, "excluded_lines": 0}, "missing_lines": [67, 69, 72, 73, 74, 77, 80, 82, 83, 87, 90, 92, 95, 96, 98, 102, 103, 104, 105, 106, 107, 108, 109, 113, 114, 117, 119, 120, 123, 124, 126, 127, 130, 131, 133, 134, 135, 136, 137, 141, 143, 144, 146, 147, 149, 150, 152, 166, 167, 168, 170, 171, 172, 176, 177, 178, 179, 180, 181, 182, 183, 187, 190, 195, 196, 228, 229, 233, 234, 235, 236, 237, 238, 285, 286, 291, 292, 298, 299, 305, 306, 349, 457, 458, 461, 462, 466, 467, 468, 477, 478, 479, 489, 492, 493, 501, 502, 503, 504, 508, 509, 510, 511, 516, 517, 518, 521, 522, 523, 524, 529, 530, 532, 533, 536, 537, 538, 544, 545, 546, 553, 554, 555, 556, 557, 558, 559, 561, 583, 584, 587, 591, 592, 595, 596, 601, 602, 605, 606, 610, 611, 620, 621, 622, 623, 624, 625, 627, 628, 631, 632, 635, 638, 639, 643, 644, 655, 657, 658, 659, 660, 661, 662, 663, 668, 669, 670, 671, 673, 674, 676, 677, 678, 699, 700, 701, 746, 747, 755, 756, 762, 763, 764, 765, 766, 767, 770, 778, 782, 786, 787, 793, 794, 795, 796, 797, 798, 799, 800, 801, 802, 803, 804, 805, 808, 817, 825, 833, 842, 847, 852, 853, 860, 868, 869, 870, 871, 878, 883, 884, 888, 890, 892, 893, 894, 897, 898, 899, 901, 902, 905, 907, 911, 912, 915, 918, 919, 921, 922, 923, 926, 928, 929, 933, 936, 940, 944, 947, 948, 949, 953, 955, 959, 961, 962, 964, 965, 966, 967, 968, 971, 972, 974, 989, 990, 991, 993, 994, 998, 999, 1002, 1004, 1006, 1007, 1010, 1012, 1016, 1017, 1018, 1019, 1020, 1021, 1022, 1026, 1028, 1029, 1031, 1032, 1033, 1035, 1043, 1066, 1085, 1089, 1090, 1091, 1092, 1096, 1097, 1098, 1100, 1117, 1118, 1121, 1122, 1123, 1124, 1125, 1129, 1130, 1139, 1140, 1141, 1142], "excluded_lines": []}, "tradeengine/services/data_manager_client.py": {"executed_lines": [1, 8, 9, 10, 12, 20, 21, 23, 24, 25, 26, 28, 30, 32, 34, 37, 43, 49, 54, 56, 61, 63, 69, 70, 72, 75, 78, 81, 82, 84, 85, 88, 89, 96, 110, 113, 114, 117, 123, 124, 126, 128, 130, 131, 134, 140, 142, 143, 144, 150, 169, 171, 172, 173, 175, 182, 186, 187, 190, 191, 192, 194, 212, 232, 234, 235, 236, 238, 239, 241, 248, 252, 253, 260, 278, 302, 304, 305, 306, 308, 309, 311, 318, 322, 325, 332, 354, 374, 407, 427, 429, 430, 431, 433, 440, 444, 449, 452, 453, 454, 456, 477, 494, 499], "summary": {"covered_lines": 100, "num_statements": 231, "percent_covered": 43.29004329004329, "percent_covered_display": "43", "missing_lines": 131, "excluded_lines": 0}, "missing_lines": [41, 47, 66, 132, 136, 137, 138, 145, 146, 152, 153, 159, 160, 161, 162, 163, 165, 166, 167, 188, 196, 197, 203, 204, 205, 206, 208, 209, 210, 214, 215, 222, 223, 224, 225, 226, 228, 229, 230, 254, 256, 257, 258, 262, 263, 269, 270, 271, 272, 274, 275, 276, 282, 283, 290, 291, 292, 293, 294, 296, 297, 300, 326, 328, 329, 330, 334, 335, 341, 342, 343, 344, 346, 347, 350, 356, 357, 359, 365, 366, 367, 368, 370, 371, 372, 378, 379, 380, 381, 382, 383, 385, 394, 395, 396, 397, 399, 401, 402, 403, 409, 410, 417, 418, 419, 420, 421, 423, 424, 425, 450, 458, 459, 466, 467, 468, 469, 471, 473, 474, 475, 484, 485, 486, 489, 490, 491, 492, 496, 497, 501], "excluded_lines": []}, "tradeengine/signal_aggregator.py": {"executed_lines": [1, 10, 11, 12, 13, 15, 18, 19, 21, 22, 23, 24, 25, 26, 27, 29, 32, 35, 36, 39, 41, 43, 44, 50, 53, 64, 68, 70, 71, 74, 83, 96, 121, 144, 145, 147, 149, 155, 156, 157, 159, 164, 168, 170, 172, 173, 174, 180, 183, 184, 187, 190, 191, 195, 197, 205, 211, 213, 216, 222, 227, 235, 236, 239, 241, 243, 250, 255, 257, 258, 259, 265, 267, 274, 276, 284, 290, 293, 296, 299, 300, 302, 303, 304, 307, 313, 314, 315, 317, 322, 324, 328, 331, 334, 338, 341, 343, 347, 349, 358, 364, 365, 374, 379, 387, 388, 412, 415, 417, 424, 437, 441, 443, 445, 449, 451, 457, 461, 469, 474, 477, 478, 480, 481, 484, 490, 491, 492, 494, 499, 503, 506, 509, 513, 516, 518, 526, 528, 537, 543, 544, 553, 558, 566, 567, 591, 598, 626, 628, 652, 656, 664, 665, 670, 674], "summary": {"covered_lines": 150, "num_statements": 213, "percent_covered": 70.4225352112676, "percent_covered_display": "70", "missing_lines": 63, "excluded_lines": 0}, "missing_lines": [51, 55, 61, 62, 66, 72, 85, 86, 87, 92, 93, 94, 98, 117, 118, 119, 123, 141, 165, 244, 263, 272, 286, 287, 291, 294, 325, 335, 344, 368, 391, 392, 396, 397, 398, 399, 403, 404, 405, 410, 438, 470, 471, 472, 500, 510, 519, 547, 570, 571, 575, 576, 577, 578, 582, 583, 584, 589, 634, 635, 637, 667, 668], "excluded_lines": []}, "tradeengine/strategy_position_manager.py": {"executed_lines": [1, 19, 20, 21, 22, 24, 25, 28, 30, 33, 34, 36, 37, 40, 43, 47, 61, 182, 202, 203, 204, 205, 206, 272, 307, 317, 329, 382, 405, 413, 477, 500, 502, 504, 514, 520, 526], "summary": {"covered_lines": 35, "num_statements": 175, "percent_covered": 20.0, "percent_covered_display": "20", "missing_lines": 140, "excluded_lines": 0}, "missing_lines": [49, 51, 52, 53, 54, 55, 58, 59, 74, 76, 79, 82, 85, 86, 89, 90, 96, 98, 99, 101, 102, 104, 106, 108, 109, 111, 112, 114, 117, 120, 145, 148, 151, 161, 171, 176, 178, 179, 180, 209, 210, 213, 214, 216, 217, 219, 221, 226, 229, 230, 231, 232, 233, 234, 235, 238, 241, 246, 250, 255, 268, 269, 270, 283, 284, 287, 288, 292, 296, 299, 301, 302, 305, 309, 310, 311, 314, 315, 321, 322, 323, 326, 327, 339, 340, 342, 356, 357, 358, 361, 362, 368, 369, 370, 371, 373, 374, 377, 379, 380, 386, 387, 388, 389, 391, 392, 393, 395, 396, 397, 400, 402, 403, 407, 408, 409, 410, 411, 424, 425, 428, 429, 432, 433, 435, 452, 453, 454, 457, 472, 474, 475, 486, 488, 496, 497, 498, 508, 518, 522], "excluded_lines": []}}, "totals": {"covered_lines": 2707, "num_statements": 5600, "percent_covered": 48.339285714285715, "percent_covered_display": "48", "missing_lines": 2893, "excluded_lines": 30}}
